/bin/sh: 1: /home/vinayak/honeypot_project/sync_logs.sh: not found
/bin/sh: 1: /home/vinayak/honeypot_project/sync_logs.sh: not found
/bin/sh: 1: /home/vinayak/honeypot_project/sync_logs.sh: not found
/bin/sh: 1: /home/vinayak/honeypot_project/sync_logs.sh: not found
/bin/sh: 1: /home/vinayak/honeypot_project/sync_logs.sh: not found
/bin/sh: 1: /home/vinayak/honeypot_project/sync_logs.sh: not found
/bin/sh: 1: /home/vinayak/honeypot_project/sync_logs.sh: not found
/bin/sh: 1: /home/vinayak/honeypot_project/sync_logs.sh: not found
/bin/sh: 1: /home/vinayak/honeypot_project/sync_logs.sh: not found
/bin/sh: 1: /home/vinayak/honeypot_project/sync_logs.sh: not found
/bin/sh: 1: /home/vinayak/honeypot_project/sync_logs.sh: not found
/bin/sh: 1: /home/vinayak/honeypot_project/sync_logs.sh: not found
/bin/sh: 1: /home/vinayak/honeypot_project/sync_logs.sh: not found
/bin/sh: 1: /home/vinayak/honeypot_project/sync_logs.sh: not found
/bin/sh: 1: /home/vinayak/honeypot_project/sync_logs.sh: not found
/bin/sh: 1: /home/vinayak/honeypot_project/sync_logs.sh: not found
/bin/sh: 1: /home/vinayak/honeypot_project/sync_logs.sh: not found
/bin/sh: 1: /home/vinayak/honeypot_project/sync_logs.sh: not found
/bin/sh: 1: /home/vinayak/honeypot_project/sync_logs.sh: not found
/bin/sh: 1: /home/vinayak/honeypot_project/sync_logs.sh: not found
/bin/sh: 1: /home/vinayak/honeypot_project/sync_logs.sh: not found
/bin/sh: 1: /home/vinayak/honeypot_project/sync_logs.sh: not found
/bin/sh: 1: /home/vinayak/honeypot_project/sync_logs.sh: not found
/bin/sh: 1: /home/vinayak/honeypot_project/sync_logs.sh: not found
/bin/sh: 1: /home/vinayak/honeypot_project/sync_logs.sh: not found
/bin/sh: 1: /home/vinayak/honeypot_project/sync_logs.sh: not found
/bin/sh: 1: /home/vinayak/honeypot_project/sync_logs.sh: not found
/bin/sh: 1: /home/vinayak/honeypot_project/sync_logs.sh: not found
/bin/sh: 1: /home/vinayak/honeypot_project/sync_logs.sh: not found
/bin/sh: 1: /home/vinayak/honeypot_project/sync_logs.sh: not found
/bin/sh: 1: /home/vinayak/honeypot_project/sync_logs.sh: not found
/bin/sh: 1: /home/vinayak/honeypot_project/sync_logs.sh: not found
/bin/sh: 1: /home/vinayak/honeypot_project/sync_logs.sh: not found
/bin/sh: 1: /home/vinayak/honeypot_project/sync_logs.sh: not found
/bin/sh: 1: /home/vinayak/honeypot_project/sync_logs.sh: not found
/bin/sh: 1: /home/vinayak/honeypot_project/sync_logs.sh: not found
/bin/sh: 1: /home/vinayak/honeypot_project/sync_logs.sh: not found
/bin/sh: 1: /home/vinayak/honeypot_project/sync_logs.sh: not found
/bin/sh: 1: /home/vinayak/honeypot_project/sync_logs.sh: not found
/bin/sh: 1: /home/vinayak/honeypot_project/sync_logs.sh: not found
/bin/sh: 1: /home/vinayak/honeypot_project/sync_logs.sh: not found
/bin/sh: 1: /home/vinayak/honeypot_project/sync_logs.sh: not found
/bin/sh: 1: /home/vinayak/honeypot_project/sync_logs.sh: not found
/bin/sh: 1: /home/vinayak/honeypot_project/sync_logs.sh: not found
/bin/sh: 1: /home/vinayak/honeypot_project/sync_logs.sh: not found
/bin/sh: 1: /home/vinayak/honeypot_project/sync_logs.sh: not found
/bin/sh: 1: /home/vinayak/honeypot_project/sync_logs.sh: not found
/bin/sh: 1: /home/vinayak/honeypot_project/sync_logs.sh: not found
/bin/sh: 1: /home/vinayak/honeypot_project/sync_logs.sh: not found
/bin/sh: 1: /home/vinayak/honeypot_project/sync_logs.sh: not found
/bin/sh: 1: /home/vinayak/honeypot_project/sync_logs.sh: not found
/bin/sh: 1: /home/vinayak/honeypot_project/sync_logs.sh: not found
/bin/sh: 1: /home/vinayak/honeypot_project/sync_logs.sh: not found
/bin/sh: 1: /home/vinayak/honeypot_project/sync_logs.sh: not found
/bin/sh: 1: /home/vinayak/honeypot_project/sync_logs.sh: not found
/bin/sh: 1: /home/vinayak/honeypot_project/sync_logs.sh: not found
/bin/sh: 1: /home/vinayak/honeypot_project/sync_logs.sh: not found
/bin/sh: 1: /home/vinayak/honeypot_project/sync_logs.sh: not found
/bin/sh: 1: /home/vinayak/honeypot_project/sync_logs.sh: not found
/bin/sh: 1: /home/vinayak/honeypot_project/sync_logs.sh: not found
/bin/sh: 1: /home/vinayak/honeypot_project/sync_logs.sh: not found
/bin/sh: 1: /home/vinayak/honeypot_project/sync_logs.sh: not found
/bin/sh: 1: /home/vinayak/honeypot_project/sync_logs.sh: not found
/bin/sh: 1: /home/vinayak/honeypot_project/sync_logs.sh: not found
/bin/sh: 1: /home/vinayak/honeypot_project/sync_logs.sh: not found
/bin/sh: 1: /home/vinayak/honeypot_project/sync_logs.sh: not found
/bin/sh: 1: /home/vinayak/honeypot_project/sync_logs.sh: not found
/bin/sh: 1: /home/vinayak/honeypot_project/sync_logs.sh: not found
/bin/sh: 1: /home/vinayak/honeypot_project/sync_logs.sh: not found
/bin/sh: 1: /home/vinayak/honeypot_project/sync_logs.sh: not found
/bin/sh: 1: /home/vinayak/honeypot_project/sync_logs.sh: not found
/bin/sh: 1: /home/vinayak/honeypot_project/sync_logs.sh: not found
/bin/sh: 1: /home/vinayak/honeypot_project/sync_logs.sh: not found
/bin/sh: 1: /home/vinayak/honeypot_project/sync_logs.sh: not found
/bin/sh: 1: /home/vinayak/honeypot_project/sync_logs.sh: not found
/bin/sh: 1: /home/vinayak/honeypot_project/sync_logs.sh: not found
/bin/sh: 1: /home/vinayak/honeypot_project/sync_logs.sh: not found
/bin/sh: 1: /home/vinayak/honeypot_project/sync_logs.sh: not found
/bin/sh: 1: /home/vinayak/honeypot_project/sync_logs.sh: not found
/bin/sh: 1: /home/vinayak/honeypot_project/sync_logs.sh: not found
/bin/sh: 1: /home/vinayak/honeypot_project/sync_logs.sh: not found
/bin/sh: 1: /home/vinayak/honeypot_project/sync_logs.sh: not found
/bin/sh: 1: /home/vinayak/honeypot_project/sync_logs.sh: not found
/bin/sh: 1: /home/vinayak/honeypot_project/sync_logs.sh: not found
/bin/sh: 1: /home/vinayak/honeypot_project/sync_logs.sh: not found
/bin/sh: 1: /home/vinayak/honeypot_project/sync_logs.sh: not found
/bin/sh: 1: /home/vinayak/honeypot_project/sync_logs.sh: not found
/bin/sh: 1: /home/vinayak/honeypot_project/sync_logs.sh: not found
/bin/sh: 1: /home/vinayak/honeypot_project/sync_logs.sh: not found
/bin/sh: 1: /home/vinayak/honeypot_project/sync_logs.sh: not found
/bin/sh: 1: /home/vinayak/honeypot_project/sync_logs.sh: not found
/bin/sh: 1: /home/vinayak/honeypot_project/sync_logs.sh: not found
/bin/sh: 1: /home/vinayak/honeypot_project/sync_logs.sh: not found
/bin/sh: 1: /home/vinayak/honeypot_project/sync_logs.sh: not found
/bin/sh: 1: /home/vinayak/honeypot_project/sync_logs.sh: not found
/bin/sh: 1: /home/vinayak/honeypot_project/sync_logs.sh: not found
/bin/sh: 1: /home/vinayak/honeypot_project/sync_logs.sh: not found
/bin/sh: 1: /home/vinayak/honeypot_project/sync_logs.sh: not found
/bin/sh: 1: /home/vinayak/honeypot_project/sync_logs.sh: not found
/bin/sh: 1: /home/vinayak/honeypot_project/sync_logs.sh: not found
/bin/sh: 1: /home/vinayak/honeypot_project/sync_logs.sh: not found
/bin/sh: 1: /home/vinayak/honeypot_project/sync_logs.sh: not found
/bin/sh: 1: /home/vinayak/honeypot_project/sync_logs.sh: not found
/bin/sh: 1: /home/vinayak/honeypot_project/sync_logs.sh: not found
/bin/sh: 1: /home/vinayak/honeypot_project/sync_logs.sh: not found
/bin/sh: 1: /home/vinayak/honeypot_project/sync_logs.sh: not found
/bin/sh: 1: /home/vinayak/honeypot_project/sync_logs.sh: not found
/bin/sh: 1: /home/vinayak/honeypot_project/sync_logs.sh: not found
/bin/sh: 1: /home/vinayak/honeypot_project/sync_logs.sh: not found
/bin/sh: 1: /home/vinayak/honeypot_project/sync_logs.sh: not found
/bin/sh: 1: /home/vinayak/honeypot_project/sync_logs.sh: not found
/bin/sh: 1: /home/vinayak/honeypot_project/sync_logs.sh: not found
/bin/sh: 1: /home/vinayak/honeypot_project/sync_logs.sh: not found
/bin/sh: 1: /home/vinayak/honeypot_project/sync_logs.sh: not found
/bin/sh: 1: /home/vinayak/honeypot_project/sync_logs.sh: not found
/bin/sh: 1: /home/vinayak/honeypot_project/sync_logs.sh: not found
/bin/sh: 1: /home/vinayak/honeypot_project/sync_logs.sh: not found
/bin/sh: 1: /home/vinayak/honeypot_project/sync_logs.sh: not found
/bin/sh: 1: /home/vinayak/honeypot_project/sync_logs.sh: not found
/bin/sh: 1: /home/vinayak/honeypot_project/sync_logs.sh: not found
/bin/sh: 1: /home/vinayak/honeypot_project/sync_logs.sh: not found
/bin/sh: 1: /home/vinayak/honeypot_project/sync_logs.sh: not found
/bin/sh: 1: /home/vinayak/honeypot_project/sync_logs.sh: not found
/bin/sh: 1: /home/vinayak/honeypot_project/sync_logs.sh: not found
/bin/sh: 1: /home/vinayak/honeypot_project/sync_logs.sh: not found
/bin/sh: 1: /home/vinayak/honeypot_project/sync_logs.sh: not found
/bin/sh: 1: /home/vinayak/honeypot_project/sync_logs.sh: not found
/bin/sh: 1: /home/vinayak/honeypot_project/sync_logs.sh: not found
/bin/sh: 1: /home/vinayak/honeypot_project/sync_logs.sh: not found
/bin/sh: 1: /home/vinayak/honeypot_project/sync_logs.sh: not found
/bin/sh: 1: /home/vinayak/honeypot_project/sync_logs.sh: not found
/bin/sh: 1: /home/vinayak/honeypot_project/sync_logs.sh: not found
/bin/sh: 1: /home/vinayak/honeypot_project/sync_logs.sh: not found
/bin/sh: 1: /home/vinayak/honeypot_project/sync_logs.sh: not found
/bin/sh: 1: /home/vinayak/honeypot_project/sync_logs.sh: not found
/bin/sh: 1: /home/vinayak/honeypot_project/sync_logs.sh: not found
/bin/sh: 1: /home/vinayak/honeypot_project/sync_logs.sh: not found
/bin/sh: 1: /home/vinayak/honeypot_project/sync_logs.sh: not found
/bin/sh: 1: /home/vinayak/honeypot_project/sync_logs.sh: not found
/bin/sh: 1: /home/vinayak/honeypot_project/sync_logs.sh: not found
/bin/sh: 1: /home/vinayak/honeypot_project/sync_logs.sh: not found
/bin/sh: 1: /home/vinayak/honeypot_project/sync_logs.sh: not found
/bin/sh: 1: /home/vinayak/honeypot_project/sync_logs.sh: not found
/bin/sh: 1: /home/vinayak/honeypot_project/sync_logs.sh: not found
/bin/sh: 1: /home/vinayak/honeypot_project/sync_logs.sh: not found
/bin/sh: 1: /home/vinayak/honeypot_project/sync_logs.sh: not found
/bin/sh: 1: /home/vinayak/honeypot_project/sync_logs.sh: not found
/bin/sh: 1: /home/vinayak/honeypot_project/sync_logs.sh: not found
/bin/sh: 1: /home/vinayak/honeypot_project/sync_logs.sh: not found
/bin/sh: 1: /home/vinayak/honeypot_project/sync_logs.sh: not found
[*] Synchronizing local Sentry data with Cloud Dashboard...
On branch main
Your branch is up to date with 'origin/main'.

Changes not staged for commit:
  (use "git add <file>..." to update what will be committed)
  (use "git restore <file>..." to discard changes in working directory)
	modified:   sync.log

no changes added to commit (use "git add" and/or "git commit -a")
Everything up-to-date
[?] Sync complete. Dashboard updated.
[*] Synchronizing local Sentry data with Cloud Dashboard...
On branch main
Your branch is up to date with 'origin/main'.

Changes not staged for commit:
  (use "git add <file>..." to update what will be committed)
  (use "git restore <file>..." to discard changes in working directory)
	modified:   sync.log

no changes added to commit (use "git add" and/or "git commit -a")
To https://github.com/vinayak-salian/honeypot-idps.git
 ! [rejected]        main -> main (fetch first)
error: failed to push some refs to 'https://github.com/vinayak-salian/honeypot-idps.git'
hint: Updates were rejected because the remote contains work that you do
hint: not have locally. This is usually caused by another repository pushing
hint: to the same ref. You may want to first integrate the remote changes
hint: (e.g., 'git pull ...') before pushing again.
hint: See the 'Note about fast-forwards' in 'git push --help' for details.
[?] Sync complete. Dashboard updated.
[*] Synchronizing local Sentry data with Cloud Dashboard...
